<?xml version="1.0" encoding="UTF-8"?>
<testsuite name="com.fyndna.epayment.EPaymentApplicationTests" tests="1" skipped="0" failures="0" errors="0" timestamp="2022-02-17T07:34:21" hostname="Madhis-MacBook-Air.local" time="0.17">
  <properties/>
  <testcase name="contextLoads()" classname="com.fyndna.epayment.EPaymentApplicationTests" time="0.17"/>
  <system-out><![CDATA[13:04:14.781 [Test worker] DEBUG org.springframework.test.context.BootstrapUtils - Instantiating CacheAwareContextLoaderDelegate from class [org.springframework.test.context.cache.DefaultCacheAwareContextLoaderDelegate]
13:04:14.786 [Test worker] DEBUG org.springframework.test.context.BootstrapUtils - Instantiating BootstrapContext using constructor [public org.springframework.test.context.support.DefaultBootstrapContext(java.lang.Class,org.springframework.test.context.CacheAwareContextLoaderDelegate)]
13:04:14.804 [Test worker] DEBUG org.springframework.test.context.BootstrapUtils - Instantiating TestContextBootstrapper for test class [com.fyndna.epayment.EPaymentApplicationTests] from class [org.springframework.boot.test.context.SpringBootTestContextBootstrapper]
13:04:14.809 [Test worker] INFO org.springframework.boot.test.context.SpringBootTestContextBootstrapper - Neither @ContextConfiguration nor @ContextHierarchy found for test class [com.fyndna.epayment.EPaymentApplicationTests], using SpringBootContextLoader
13:04:14.811 [Test worker] DEBUG org.springframework.test.context.support.AbstractContextLoader - Did not detect default resource location for test class [com.fyndna.epayment.EPaymentApplicationTests]: class path resource [com/fyndna/epayment/EPaymentApplicationTests-context.xml] does not exist
13:04:14.811 [Test worker] DEBUG org.springframework.test.context.support.AbstractContextLoader - Did not detect default resource location for test class [com.fyndna.epayment.EPaymentApplicationTests]: class path resource [com/fyndna/epayment/EPaymentApplicationTestsContext.groovy] does not exist
13:04:14.811 [Test worker] INFO org.springframework.test.context.support.AbstractContextLoader - Could not detect default resource locations for test class [com.fyndna.epayment.EPaymentApplicationTests]: no resource found for suffixes {-context.xml, Context.groovy}.
13:04:14.812 [Test worker] INFO org.springframework.test.context.support.AnnotationConfigContextLoaderUtils - Could not detect default configuration classes for test class [com.fyndna.epayment.EPaymentApplicationTests]: EPaymentApplicationTests does not declare any static, non-private, non-final, nested classes annotated with @Configuration.
13:04:14.830 [Test worker] DEBUG org.springframework.test.context.support.ActiveProfilesUtils - Could not find an 'annotation declaring class' for annotation type [org.springframework.test.context.ActiveProfiles] and class [com.fyndna.epayment.EPaymentApplicationTests]
13:04:14.860 [Test worker] DEBUG org.springframework.context.annotation.ClassPathScanningCandidateComponentProvider - Identified candidate component class: file [/Users/madhikrishnan/Documents/Learn_code/spinnaker/e-payment/build/classes/java/main/com/fyndna/epayment/EPaymentApplication.class]
13:04:14.866 [Test worker] INFO org.springframework.boot.test.context.SpringBootTestContextBootstrapper - Found @SpringBootConfiguration com.fyndna.epayment.EPaymentApplication for test class com.fyndna.epayment.EPaymentApplicationTests
13:04:14.912 [Test worker] DEBUG org.springframework.boot.test.context.SpringBootTestContextBootstrapper - @TestExecutionListeners is not present for class [com.fyndna.epayment.EPaymentApplicationTests]: using defaults.
13:04:14.912 [Test worker] INFO org.springframework.boot.test.context.SpringBootTestContextBootstrapper - Loaded default TestExecutionListener class names from location [META-INF/spring.factories]: [org.springframework.boot.test.autoconfigure.restdocs.RestDocsTestExecutionListener, org.springframework.boot.test.autoconfigure.web.client.MockRestServiceServerResetTestExecutionListener, org.springframework.boot.test.autoconfigure.web.servlet.MockMvcPrintOnlyOnFailureTestExecutionListener, org.springframework.boot.test.autoconfigure.web.servlet.WebDriverTestExecutionListener, org.springframework.boot.test.autoconfigure.webservices.client.MockWebServiceServerTestExecutionListener, org.springframework.boot.test.mock.mockito.MockitoTestExecutionListener, org.springframework.boot.test.mock.mockito.ResetMocksTestExecutionListener, org.springframework.test.context.web.ServletTestExecutionListener, org.springframework.test.context.support.DirtiesContextBeforeModesTestExecutionListener, org.springframework.test.context.event.ApplicationEventsTestExecutionListener, org.springframework.test.context.support.DependencyInjectionTestExecutionListener, org.springframework.test.context.support.DirtiesContextTestExecutionListener, org.springframework.test.context.transaction.TransactionalTestExecutionListener, org.springframework.test.context.jdbc.SqlScriptsTestExecutionListener, org.springframework.test.context.event.EventPublishingTestExecutionListener]
13:04:14.917 [Test worker] DEBUG org.springframework.boot.test.context.SpringBootTestContextBootstrapper - Skipping candidate TestExecutionListener [org.springframework.test.context.transaction.TransactionalTestExecutionListener] due to a missing dependency. Specify custom listener classes or make the default listener classes and their required dependencies available. Offending class: [org/springframework/transaction/interceptor/TransactionAttributeSource]
13:04:14.917 [Test worker] DEBUG org.springframework.boot.test.context.SpringBootTestContextBootstrapper - Skipping candidate TestExecutionListener [org.springframework.test.context.jdbc.SqlScriptsTestExecutionListener] due to a missing dependency. Specify custom listener classes or make the default listener classes and their required dependencies available. Offending class: [org/springframework/transaction/interceptor/TransactionAttribute]
13:04:14.917 [Test worker] INFO org.springframework.boot.test.context.SpringBootTestContextBootstrapper - Using TestExecutionListeners: [org.springframework.test.context.web.ServletTestExecutionListener@4b4dd216, org.springframework.test.context.support.DirtiesContextBeforeModesTestExecutionListener@5ca17ab0, org.springframework.test.context.event.ApplicationEventsTestExecutionListener@5a62b2a4, org.springframework.boot.test.mock.mockito.MockitoTestExecutionListener@1051817b, org.springframework.boot.test.autoconfigure.SpringBootDependencyInjectionTestExecutionListener@35293c05, org.springframework.test.context.support.DirtiesContextTestExecutionListener@620aa4ea, org.springframework.test.context.event.EventPublishingTestExecutionListener@2db2dd9d, org.springframework.boot.test.autoconfigure.restdocs.RestDocsTestExecutionListener@3174cb09, org.springframework.boot.test.autoconfigure.web.client.MockRestServiceServerResetTestExecutionListener@4d411036, org.springframework.boot.test.autoconfigure.web.servlet.MockMvcPrintOnlyOnFailureTestExecutionListener@7adbd080, org.springframework.boot.test.autoconfigure.web.servlet.WebDriverTestExecutionListener@41beb473, org.springframework.boot.test.autoconfigure.webservices.client.MockWebServiceServerTestExecutionListener@560513ce, org.springframework.boot.test.mock.mockito.ResetMocksTestExecutionListener@13006998]
13:04:14.919 [Test worker] DEBUG org.springframework.test.context.support.AbstractDirtiesContextTestExecutionListener - Before test class: context [DefaultTestContext@5c77053b testClass = EPaymentApplicationTests, testInstance = [null], testMethod = [null], testException = [null], mergedContextConfiguration = [WebMergedContextConfiguration@26b894bd testClass = EPaymentApplicationTests, locations = '{}', classes = '{class com.fyndna.epayment.EPaymentApplication}', contextInitializerClasses = '[]', activeProfiles = '{}', propertySourceLocations = '{}', propertySourceProperties = '{org.springframework.boot.test.context.SpringBootTestContextBootstrapper=true}', contextCustomizers = set[org.springframework.boot.test.autoconfigure.actuate.metrics.MetricsExportContextCustomizerFactory$DisableMetricExportContextCustomizer@56aaaecd, org.springframework.boot.test.autoconfigure.properties.PropertyMappingContextCustomizer@0, org.springframework.boot.test.autoconfigure.web.servlet.WebDriverContextCustomizerFactory$Customizer@3f6db3fb, org.springframework.boot.test.context.filter.ExcludeFilterContextCustomizer@485e36bc, org.springframework.boot.test.json.DuplicateJsonObjectContextCustomizerFactory$DuplicateJsonObjectContextCustomizer@2e9fda69, org.springframework.boot.test.mock.mockito.MockitoContextCustomizer@0, org.springframework.boot.test.web.client.TestRestTemplateContextCustomizer@70efb718, org.springframework.boot.test.context.SpringBootTestArgs@1, org.springframework.boot.test.context.SpringBootTestWebEnvironment@3e0e1046], resourceBasePath = 'src/main/webapp', contextLoader = 'org.springframework.boot.test.context.SpringBootContextLoader', parent = [null]], attributes = map['org.springframework.test.context.web.ServletTestExecutionListener.activateListener' -> true]], class annotated with @DirtiesContext [false] with mode [null].
13:04:14.935 [Test worker] DEBUG org.springframework.test.context.support.TestPropertySourceUtils - Adding inlined properties to environment: {spring.jmx.enabled=false, org.springframework.boot.test.context.SpringBootTestContextBootstrapper=true}

  .   ____          _            __ _ _
 /\\ / ___'_ __ _ _(_)_ __  __ _ \ \ \ \
( ( )\___ | '_ | '_| | '_ \/ _` | \ \ \ \
 \\/  ___)| |_)| | | | | || (_| |  ) ) ) )
  '  |____| .__|_| |_|_| |_\__, | / / / /
 =========|_|==============|___/=/_/_/_/
 :: Spring Boot ::                (v2.5.6)

2022-02-17 13:04:20.103  INFO 64571 --- [    Test worker] c.f.epayment.EPaymentApplicationTests    : Starting EPaymentApplicationTests using Java 11.0.12 on Madhis-MacBook-Air.local with PID 64571 (started by madhikrishnan in /Users/madhikrishnan/Documents/Learn_code/spinnaker/e-payment)
2022-02-17 13:04:20.104  INFO 64571 --- [    Test worker] c.f.epayment.EPaymentApplicationTests    : No active profile set, falling back to default profiles: default
2022-02-17 13:04:21.100  INFO 64571 --- [    Test worker] o.s.b.a.e.web.EndpointLinksResolver      : Exposing 2 endpoint(s) beneath base path '/actuator'
2022-02-17 13:04:21.140  INFO 64571 --- [    Test worker] c.f.epayment.EPaymentApplicationTests    : Started EPaymentApplicationTests in 6.201 seconds (JVM running for 6.735)
]]></system-out>
  <system-err><![CDATA[]]></system-err>
</testsuite>
