<?xml version="1.0" encoding="UTF-8"?>
<testsuite name="com.fyndna.epayment.EPaymentApplicationTests" tests="1" skipped="0" failures="0" errors="0" timestamp="2021-11-21T19:45:19" hostname="Madhis-MacBook-Air.local" time="0.184">
  <properties/>
  <testcase name="contextLoads()" classname="com.fyndna.epayment.EPaymentApplicationTests" time="0.184"/>
  <system-out><![CDATA[01:15:13.432 [Test worker] DEBUG org.springframework.test.context.BootstrapUtils - Instantiating CacheAwareContextLoaderDelegate from class [org.springframework.test.context.cache.DefaultCacheAwareContextLoaderDelegate]
01:15:13.437 [Test worker] DEBUG org.springframework.test.context.BootstrapUtils - Instantiating BootstrapContext using constructor [public org.springframework.test.context.support.DefaultBootstrapContext(java.lang.Class,org.springframework.test.context.CacheAwareContextLoaderDelegate)]
01:15:13.451 [Test worker] DEBUG org.springframework.test.context.BootstrapUtils - Instantiating TestContextBootstrapper for test class [com.fyndna.epayment.EPaymentApplicationTests] from class [org.springframework.boot.test.context.SpringBootTestContextBootstrapper]
01:15:13.456 [Test worker] INFO org.springframework.boot.test.context.SpringBootTestContextBootstrapper - Neither @ContextConfiguration nor @ContextHierarchy found for test class [com.fyndna.epayment.EPaymentApplicationTests], using SpringBootContextLoader
01:15:13.458 [Test worker] DEBUG org.springframework.test.context.support.AbstractContextLoader - Did not detect default resource location for test class [com.fyndna.epayment.EPaymentApplicationTests]: class path resource [com/fyndna/epayment/EPaymentApplicationTests-context.xml] does not exist
01:15:13.458 [Test worker] DEBUG org.springframework.test.context.support.AbstractContextLoader - Did not detect default resource location for test class [com.fyndna.epayment.EPaymentApplicationTests]: class path resource [com/fyndna/epayment/EPaymentApplicationTestsContext.groovy] does not exist
01:15:13.458 [Test worker] INFO org.springframework.test.context.support.AbstractContextLoader - Could not detect default resource locations for test class [com.fyndna.epayment.EPaymentApplicationTests]: no resource found for suffixes {-context.xml, Context.groovy}.
01:15:13.459 [Test worker] INFO org.springframework.test.context.support.AnnotationConfigContextLoaderUtils - Could not detect default configuration classes for test class [com.fyndna.epayment.EPaymentApplicationTests]: EPaymentApplicationTests does not declare any static, non-private, non-final, nested classes annotated with @Configuration.
01:15:13.481 [Test worker] DEBUG org.springframework.test.context.support.ActiveProfilesUtils - Could not find an 'annotation declaring class' for annotation type [org.springframework.test.context.ActiveProfiles] and class [com.fyndna.epayment.EPaymentApplicationTests]
01:15:13.503 [Test worker] DEBUG org.springframework.context.annotation.ClassPathScanningCandidateComponentProvider - Identified candidate component class: file [/Users/madhikrishnan/Documents/Project/gcp-pipline/k8s/e-payment/build/classes/java/main/com/fyndna/epayment/EPaymentApplication.class]
01:15:13.507 [Test worker] INFO org.springframework.boot.test.context.SpringBootTestContextBootstrapper - Found @SpringBootConfiguration com.fyndna.epayment.EPaymentApplication for test class com.fyndna.epayment.EPaymentApplicationTests
01:15:13.544 [Test worker] DEBUG org.springframework.boot.test.context.SpringBootTestContextBootstrapper - @TestExecutionListeners is not present for class [com.fyndna.epayment.EPaymentApplicationTests]: using defaults.
01:15:13.544 [Test worker] INFO org.springframework.boot.test.context.SpringBootTestContextBootstrapper - Loaded default TestExecutionListener class names from location [META-INF/spring.factories]: [org.springframework.boot.test.autoconfigure.restdocs.RestDocsTestExecutionListener, org.springframework.boot.test.autoconfigure.web.client.MockRestServiceServerResetTestExecutionListener, org.springframework.boot.test.autoconfigure.web.servlet.MockMvcPrintOnlyOnFailureTestExecutionListener, org.springframework.boot.test.autoconfigure.web.servlet.WebDriverTestExecutionListener, org.springframework.boot.test.autoconfigure.webservices.client.MockWebServiceServerTestExecutionListener, org.springframework.boot.test.mock.mockito.MockitoTestExecutionListener, org.springframework.boot.test.mock.mockito.ResetMocksTestExecutionListener, org.springframework.test.context.web.ServletTestExecutionListener, org.springframework.test.context.support.DirtiesContextBeforeModesTestExecutionListener, org.springframework.test.context.event.ApplicationEventsTestExecutionListener, org.springframework.test.context.support.DependencyInjectionTestExecutionListener, org.springframework.test.context.support.DirtiesContextTestExecutionListener, org.springframework.test.context.transaction.TransactionalTestExecutionListener, org.springframework.test.context.jdbc.SqlScriptsTestExecutionListener, org.springframework.test.context.event.EventPublishingTestExecutionListener]
01:15:13.549 [Test worker] DEBUG org.springframework.boot.test.context.SpringBootTestContextBootstrapper - Skipping candidate TestExecutionListener [org.springframework.test.context.transaction.TransactionalTestExecutionListener] due to a missing dependency. Specify custom listener classes or make the default listener classes and their required dependencies available. Offending class: [org/springframework/transaction/interceptor/TransactionAttributeSource]
01:15:13.549 [Test worker] DEBUG org.springframework.boot.test.context.SpringBootTestContextBootstrapper - Skipping candidate TestExecutionListener [org.springframework.test.context.jdbc.SqlScriptsTestExecutionListener] due to a missing dependency. Specify custom listener classes or make the default listener classes and their required dependencies available. Offending class: [org/springframework/transaction/interceptor/TransactionAttribute]
01:15:13.550 [Test worker] INFO org.springframework.boot.test.context.SpringBootTestContextBootstrapper - Using TestExecutionListeners: [org.springframework.test.context.web.ServletTestExecutionListener@52350abb, org.springframework.test.context.support.DirtiesContextBeforeModesTestExecutionListener@681aad3b, org.springframework.test.context.event.ApplicationEventsTestExecutionListener@1a6f2363, org.springframework.boot.test.mock.mockito.MockitoTestExecutionListener@2427e004, org.springframework.boot.test.autoconfigure.SpringBootDependencyInjectionTestExecutionListener@5ebd56e9, org.springframework.test.context.support.DirtiesContextTestExecutionListener@63f34b70, org.springframework.test.context.event.EventPublishingTestExecutionListener@641856, org.springframework.boot.test.autoconfigure.restdocs.RestDocsTestExecutionListener@1b58ff9e, org.springframework.boot.test.autoconfigure.web.client.MockRestServiceServerResetTestExecutionListener@2f66e802, org.springframework.boot.test.autoconfigure.web.servlet.MockMvcPrintOnlyOnFailureTestExecutionListener@56b78e55, org.springframework.boot.test.autoconfigure.web.servlet.WebDriverTestExecutionListener@76318a7d, org.springframework.boot.test.autoconfigure.webservices.client.MockWebServiceServerTestExecutionListener@2a492f2a, org.springframework.boot.test.mock.mockito.ResetMocksTestExecutionListener@3277e499]
01:15:13.552 [Test worker] DEBUG org.springframework.test.context.support.AbstractDirtiesContextTestExecutionListener - Before test class: context [DefaultTestContext@7adbd080 testClass = EPaymentApplicationTests, testInstance = [null], testMethod = [null], testException = [null], mergedContextConfiguration = [WebMergedContextConfiguration@41beb473 testClass = EPaymentApplicationTests, locations = '{}', classes = '{class com.fyndna.epayment.EPaymentApplication}', contextInitializerClasses = '[]', activeProfiles = '{}', propertySourceLocations = '{}', propertySourceProperties = '{org.springframework.boot.test.context.SpringBootTestContextBootstrapper=true}', contextCustomizers = set[org.springframework.boot.test.autoconfigure.actuate.metrics.MetricsExportContextCustomizerFactory$DisableMetricExportContextCustomizer@3bd418e4, org.springframework.boot.test.autoconfigure.properties.PropertyMappingContextCustomizer@0, org.springframework.boot.test.autoconfigure.web.servlet.WebDriverContextCustomizerFactory$Customizer@52d239ba, org.springframework.boot.test.context.filter.ExcludeFilterContextCustomizer@640f11a1, org.springframework.boot.test.json.DuplicateJsonObjectContextCustomizerFactory$DuplicateJsonObjectContextCustomizer@78365cfa, org.springframework.boot.test.mock.mockito.MockitoContextCustomizer@0, org.springframework.boot.test.web.client.TestRestTemplateContextCustomizer@1a45193b, org.springframework.boot.test.context.SpringBootTestArgs@1, org.springframework.boot.test.context.SpringBootTestWebEnvironment@51891008], resourceBasePath = 'src/main/webapp', contextLoader = 'org.springframework.boot.test.context.SpringBootContextLoader', parent = [null]], attributes = map['org.springframework.test.context.web.ServletTestExecutionListener.activateListener' -> true]], class annotated with @DirtiesContext [false] with mode [null].
01:15:13.567 [Test worker] DEBUG org.springframework.test.context.support.TestPropertySourceUtils - Adding inlined properties to environment: {spring.jmx.enabled=false, org.springframework.boot.test.context.SpringBootTestContextBootstrapper=true}

  .   ____          _            __ _ _
 /\\ / ___'_ __ _ _(_)_ __  __ _ \ \ \ \
( ( )\___ | '_ | '_| | '_ \/ _` | \ \ \ \
 \\/  ___)| |_)| | | | | || (_| |  ) ) ) )
  '  |____| .__|_| |_|_| |_\__, | / / / /
 =========|_|==============|___/=/_/_/_/
 :: Spring Boot ::                (v2.5.6)

2021-11-22 01:15:18.739  INFO 8375 --- [    Test worker] c.f.epayment.EPaymentApplicationTests    : Starting EPaymentApplicationTests using Java 11.0.12 on Madhis-MacBook-Air.local with PID 8375 (started by madhikrishnan in /Users/madhikrishnan/Documents/Project/gcp-pipline/k8s/e-payment)
2021-11-22 01:15:18.740  INFO 8375 --- [    Test worker] c.f.epayment.EPaymentApplicationTests    : No active profile set, falling back to default profiles: default
2021-11-22 01:15:19.584  INFO 8375 --- [    Test worker] o.s.b.a.e.web.EndpointLinksResolver      : Exposing 1 endpoint(s) beneath base path '/actuator'
2021-11-22 01:15:19.607  INFO 8375 --- [    Test worker] c.f.epayment.EPaymentApplicationTests    : Started EPaymentApplicationTests in 6.036 seconds (JVM running for 6.539)
]]></system-out>
  <system-err><![CDATA[]]></system-err>
</testsuite>
